Base path: C:/Program Files/Unity/Hub/Editor/2019.1.9f1/Editor/Data
Cmd: initializeCompiler
Cmd: preprocess
  insize=5984 outsize=3559 ok=1
Cmd: preprocess
  insize=5978 outsize=3553 ok=1
Cmd: preprocess
  insize=9465 outsize=3794 ok=1
Cmd: preprocess
  insize=9467 outsize=3796 ok=1
Cmd: preprocess
  insize=9471 outsize=3800 ok=1
Cmd: preprocess
  insize=9477 outsize=3806 ok=1
Cmd: preprocess
  insize=9471 outsize=3800 ok=1
Cmd: preprocess
  insize=9473 outsize=3802 ok=1
Cmd: preprocess
  insize=9440 outsize=3769 ok=1
Cmd: preprocess
  insize=9319 outsize=3647 ok=1
Cmd: preprocess
  error: 2 plat 21 at (154): Unexpected token '}'. Expected one of: typedef const void inline uniform nointerpolation extern shared static volatile row_major column_major struct or a user-defined type
  insize=9331 outsize=3560 ok=0
Cmd: preprocess
  insize=9319 outsize=3647 ok=1
